<?xml version="1.0" encoding="UTF-8"?>
<!-- Generated by org.testng.reporters.JUnitReportReporter -->
<testsuite hostname="Dell" name="org.com.project.testcase.AmazonProductOrder" tests="1" failures="0" timestamp="11 Jul 2020 04:39:10 GMT" time="144.698" errors="0">
  <testcase name="amzonOrder" time="144.698" classname="org.com.project.testcase.AmazonProductOrder"/>
</testsuite> <!-- org.com.project.testcase.AmazonProductOrder -->
